#
# There is insufficient memory for the Java Runtime Environment to continue.
# Native memory allocation (mmap) failed to map 266338304 bytes for G1 virtual space
# Possible reasons:
#   The system is out of physical RAM or swap space
#   The process is running with CompressedOops enabled, and the Java Heap may be blocking the growth of the native heap
# Possible solutions:
#   Reduce memory load on the system
#   Increase physical memory or swap space
#   Check if swap backing store is full
#   Decrease Java heap size (-Xmx/-Xms)
#   Decrease number of Java threads
#   Decrease Java thread stack sizes (-Xss)
#   Set larger code cache with -XX:ReservedCodeCacheSize=
#   JVM is running with Zero Based Compressed Oops mode in which the Java heap is
#     placed in the first 32GB address space. The Java Heap base address is the
#     maximum limit for the native heap growth. Please use -XX:HeapBaseMinAddress
#     to set the Java Heap base and to place the Java Heap above 32GB virtual address.
# This output file may be truncated or incomplete.
#
#  Out of Memory Error (os_windows.cpp:3604), pid=12452, tid=456
#
# JRE version:  (21.0.10+8) (build )
# Java VM: Java HotSpot(TM) 64-Bit Server VM (21.0.10+8-LTS-217, mixed mode, sharing, tiered, compressed oops, compressed class ptrs, g1 gc, windows-amd64)
# No core dump will be written. Minidumps are not enabled by default on client versions of Windows
#

---------------  S U M M A R Y ------------

Command Line: -Dfile.encoding=UTF-8 -Dstdout.encoding=UTF-8 -Dstderr.encoding=UTF-8 -XX:+ShowCodeDetailsInExceptionMessages kr.co.training.Ex03_Array

Host: 11th Gen Intel(R) Core(TM) i7-11700 @ 2.50GHz, 16 cores, 15G,  Windows 11 , 64 bit Build 26100 (10.0.26100.7623)
Time: Wed Jan 28 17:06:58 2026 elapsed time: 1.093138 seconds (0d 0h 0m 1s)

---------------  T H R E A D  ---------------

Current thread (0x000001a621c79b50):  JavaThread "Unknown thread" [_thread_in_vm, id=456, stack(0x000000690ed00000,0x000000690ee00000) (1024K)]

Stack: [0x000000690ed00000,0x000000690ee00000]
Native frames: (J=compiled Java code, j=interpreted, Vv=VM code, C=native code)
V  [jvm.dll+0x6d0b59]
V  [jvm.dll+0x85fd56]
V  [jvm.dll+0x86224e]
V  [jvm.dll+0x862923]
V  [jvm.dll+0x282a16]
V  [jvm.dll+0x6cd405]
V  [jvm.dll+0x6c1f8a]
V  [jvm.dll+0x35bcc8]
V  [jvm.dll+0x363986]
V  [jvm.dll+0x3b4a3e]
V  [jvm.dll+0x3b4ce8]
V  [jvm.dll+0x32f98c]
V  [jvm.dll+0x3304db]
V  [jvm.dll+0x829d3e]
V  [jvm.dll+0x3c19d1]
V  [jvm.dll+0x812c0a]
V  [jvm.dll+0x4543d1]
V  [jvm.dll+0x455e21]
C  [jli.dll+0x5310]
C  [ucrtbase.dll+0x37b0]
C  [KERNEL32.DLL+0x2e8d7]
C  [ntdll.dll+0x8c53c]


---------------  P R O C E S S  ---------------

Threads class SMR info:
_java_thread_list=0x00007ff84adf8c88, length=0, elements={
}

Java Threads: ( => current thread )
Total: 0

Other Threads:
  0x000001a622098dd0 WorkerThread "GC Thread#0"                     [id=8580, stack(0x000000690ee00000,0x000000690ef00000) (1024K)]
  0x000001a6220aa9e0 ConcurrentGCThread "G1 Main Marker"            [id=7664, stack(0x000000690ef00000,0x000000690f000000) (1024K)]
  0x000001a6220acb40 WorkerThread "G1 Conc#0"                       [id=14160, stack(0x000000690f000000,0x000000690f100000) (1024K)]

[error occurred during error reporting (printing all threads), id 0xc0000005, EXCEPTION_ACCESS_VIOLATION (0xc0000005) at pc=0x00007ff84a562447]
VM state: not at safepoint (not fully initialized)

VM Mutex/Monitor currently owned by a thread:  ([mutex/lock_event])
[0x00007ff84ae6a010] Heap_lock - owner thread: 0x000001a621c79b50

Heap address: 0x0000000702e00000, size: 4050 MB, Compressed Oops mode: Zero based, Oop shift amount: 3

CDS archive(s) mapped at: [0x0000000000000000-0x0000000000000000-0x0000000000000000), size 0, SharedBaseAddress: 0x0000000800000000, ArchiveRelocationMode: 1.
Narrow klass base: 0x0000000000000000, Narrow klass shift: 0, Narrow klass range: 0x0

GC Precious Log:
 CardTable entry size: 512
 Card Set container configuration: InlinePtr #cards 4 size 8 Array Of Cards #cards 16 size 48 Howl #buckets 8 coarsen threshold 3686 Howl Bitmap #cards 512 size 80 coarsen threshold 460 Card regions per heap region 1 cards per card region 4096

Heap:
 garbage-first heap   total 0K, used 0K [0x0000000702e00000, 0x0000000800000000)
  region size 2048K, 0 young (0K), 0 survivors (0K)

[error occurred during error reporting (printing heap information), id 0xc0000005, EXCEPTION_ACCESS_VIOLATION (0xc0000005) at pc=0x00007ff84a94ac39]
GC Heap History (0 events):
No events

Dll operation events (1 events):
Event: 0.004 Loaded shared library C:\Program Files\Java\jdk-21\bin\java.dll

Deoptimization events (0 events):
No events

Classes loaded (0 events):
No events

Classes unloaded (0 events):
No events

Classes redefined (0 events):
No events

Internal exceptions (0 events):
No events

ZGC Phase Switch (0 events):
No events

VM Operations (0 events):
No events

Events (0 events):
No events


Dynamic libraries:
0x00007ff60b1b0000 - 0x00007ff60b1c0000 	C:\Program Files\Java\jdk-21\bin\javaw.exe
0x00007ff8c0c60000 - 0x00007ff8c0ec7000 	C:\WINDOWS\SYSTEM32\ntdll.dll
0x00007ff8bfe10000 - 0x00007ff8bfed9000 	C:\WINDOWS\System32\KERNEL32.DLL
0x00007ff8bddb0000 - 0x00007ff8be19f000 	C:\WINDOWS\System32\KERNELBASE.dll
0x00007ff8be350000 - 0x00007ff8be49b000 	C:\WINDOWS\System32\ucrtbase.dll
0x00007ff8b9f70000 - 0x00007ff8b9f8e000 	C:\Program Files\Java\jdk-21\bin\VCRUNTIME140.dll
0x00007ff8b9f50000 - 0x00007ff8b9f69000 	C:\Program Files\Java\jdk-21\bin\jli.dll
0x00007ff8c0330000 - 0x00007ff8c03e4000 	C:\WINDOWS\System32\ADVAPI32.dll
0x00007ff8c00c0000 - 0x00007ff8c0169000 	C:\WINDOWS\System32\msvcrt.dll
0x00007ff8c0280000 - 0x00007ff8c0326000 	C:\WINDOWS\System32\sechost.dll
0x00007ff8c06f0000 - 0x00007ff8c0808000 	C:\WINDOWS\System32\RPCRT4.dll
0x00007ff8bfc40000 - 0x00007ff8bfe05000 	C:\WINDOWS\System32\USER32.dll
0x00007ff8be320000 - 0x00007ff8be347000 	C:\WINDOWS\System32\win32u.dll
0x00007ff8bceb0000 - 0x00007ff8bd143000 	C:\WINDOWS\WinSxS\amd64_microsoft.windows.common-controls_6595b64144ccf1df_6.0.26100.7309_none_3e05feeae336a044\COMCTL32.dll
0x00007ff8c0460000 - 0x00007ff8c048b000 	C:\WINDOWS\System32\GDI32.dll
0x00007ff8be8d0000 - 0x00007ff8be9fc000 	C:\WINDOWS\System32\gdi32full.dll
0x00007ff8be530000 - 0x00007ff8be5d3000 	C:\WINDOWS\System32\msvcp_win.dll
0x00007ff8b70a0000 - 0x00007ff8b70ab000 	C:\WINDOWS\SYSTEM32\VERSION.dll
0x00007ff8bfee0000 - 0x00007ff8bff11000 	C:\WINDOWS\System32\IMM32.DLL
0x00007ff8b9e90000 - 0x00007ff8b9e9c000 	C:\Program Files\Java\jdk-21\bin\vcruntime140_1.dll
0x00007ff8a8d50000 - 0x00007ff8a8ddd000 	C:\Program Files\Java\jdk-21\bin\msvcp140.dll
0x00007ff84a220000 - 0x00007ff84af47000 	C:\Program Files\Java\jdk-21\bin\server\jvm.dll
0x00007ff8c0490000 - 0x00007ff8c0504000 	C:\WINDOWS\System32\WS2_32.dll
0x00007ff8bdc10000 - 0x00007ff8bdc6e000 	C:\WINDOWS\SYSTEM32\POWRPROF.dll
0x00007ff8b37e0000 - 0x00007ff8b3815000 	C:\WINDOWS\SYSTEM32\WINMM.dll
0x00007ff8bdbf0000 - 0x00007ff8bdc04000 	C:\WINDOWS\SYSTEM32\UMPDC.dll
0x00007ff8bc230000 - 0x00007ff8bc24b000 	C:\WINDOWS\SYSTEM32\kernel.appcore.dll
0x00007ff8b80e0000 - 0x00007ff8b80ea000 	C:\Program Files\Java\jdk-21\bin\jimage.dll
0x00007ff8bd560000 - 0x00007ff8bd7a2000 	C:\WINDOWS\SYSTEM32\DBGHELP.DLL
0x00007ff8bf110000 - 0x00007ff8bf496000 	C:\WINDOWS\System32\combase.dll
0x00007ff8c0520000 - 0x00007ff8c05f6000 	C:\WINDOWS\System32\OLEAUT32.dll
0x00007ff8bd290000 - 0x00007ff8bd2cc000 	C:\WINDOWS\SYSTEM32\dbgcore.DLL
0x00007ff8be5e0000 - 0x00007ff8be685000 	C:\WINDOWS\System32\bcryptPrimitives.dll
0x00007ff8a9440000 - 0x00007ff8a9461000 	C:\Program Files\Java\jdk-21\bin\java.dll

dbghelp: loaded successfully - version: 4.0.5 - missing functions: none
symbol engine: initialized successfully - sym options: 0x614 - pdb path: .;C:\Program Files\Java\jdk-21\bin;C:\WINDOWS\SYSTEM32;C:\WINDOWS\WinSxS\amd64_microsoft.windows.common-controls_6595b64144ccf1df_6.0.26100.7309_none_3e05feeae336a044;C:\Program Files\Java\jdk-21\bin\server

VM Arguments:
jvm_args: -Dfile.encoding=UTF-8 -Dstdout.encoding=UTF-8 -Dstderr.encoding=UTF-8 -XX:+ShowCodeDetailsInExceptionMessages 
java_command: kr.co.training.Ex03_Array
java_class_path (initial): C:\study\3. java\javaStudy\bin
Launcher Type: SUN_STANDARD

[Global flags]
     intx CICompilerCount                          = 12                                        {product} {ergonomic}
     uint ConcGCThreads                            = 3                                         {product} {ergonomic}
     uint G1ConcRefinementThreads                  = 13                                        {product} {ergonomic}
   size_t G1HeapRegionSize                         = 2097152                                   {product} {ergonomic}
    uintx GCDrainStackTargetSize                   = 64                                        {product} {ergonomic}
   size_t InitialHeapSize                          = 266338304                                 {product} {ergonomic}
   size_t MarkStackSize                            = 4194304                                   {product} {ergonomic}
   size_t MaxHeapSize                              = 4246732800                                {product} {ergonomic}
   size_t MinHeapDeltaBytes                        = 2097152                                   {product} {ergonomic}
   size_t MinHeapSize                              = 8388608                                   {product} {ergonomic}
    uintx NonNMethodCodeHeapSize                   = 7602480                                {pd product} {ergonomic}
    uintx NonProfiledCodeHeapSize                  = 122027880                              {pd product} {ergonomic}
    uintx ProfiledCodeHeapSize                     = 122027880                              {pd product} {ergonomic}
    uintx ReservedCodeCacheSize                    = 251658240                              {pd product} {ergonomic}
     bool SegmentedCodeCache                       = true                                      {product} {ergonomic}
     bool ShowCodeDetailsInExceptionMessages       = true                                   {manageable} {command line}
   size_t SoftMaxHeapSize                          = 4246732800                             {manageable} {ergonomic}
     bool UseCompressedOops                        = true                           {product lp64_product} {ergonomic}
     bool UseG1GC                                  = true                                      {product} {ergonomic}
     bool UseLargePagesIndividualAllocation        = false                                  {pd product} {ergonomic}

Logging:
Log output configuration:
 #0: stdout all=warning uptime,level,tags foldmultilines=false
 #1: stderr all=off uptime,level,tags foldmultilines=false

Environment Variables:
PATH=C:/Program Files/Java/jdk-21/bin/server;C:/Program Files/Java/jdk-21/bin;C:\Program Files\Common Files\Oracle\Java\javapath;C:\WINDOWS\system32;C:\WINDOWS;C:\WINDOWS\System32\Wbem;C:\WINDOWS\System32\WindowsPowerShell\v1.0\;C:\WINDOWS\System32\OpenSSH\;C:\Program Files\Bandizip\;C:\Users\adminn\Desktop\mingw64\bin;C:\Program Files\Git\cmd;C:\Program Files\MySQL\MySQL Server 8.0\bin;C:\Users\adminn\AppData\Local\Microsoft\WindowsApps;C:\Users\adminn\AppData\Local\Programs\Microsoft VS Code\bin;C:\Users\adminn\Desktop;
USERNAME=adminn
OS=Windows_NT
PROCESSOR_IDENTIFIER=Intel64 Family 6 Model 167 Stepping 1, GenuineIntel
TMP=C:\Users\adminn\AppData\Local\Temp
TEMP=C:\Users\adminn\AppData\Local\Temp




Periodic native trim disabled

---------------  S Y S T E M  ---------------

OS:
 Windows 11 , 64 bit Build 26100 (10.0.26100.7623)
OS uptime: 0 days 7:48 hours

CPU: total 16 (initial active 16) (8 cores per cpu, 2 threads per core) family 6 model 167 stepping 1 microcode 0x40, cx8, cmov, fxsr, ht, mmx, 3dnowpref, sse, sse2, sse3, ssse3, sse4.1, sse4.2, popcnt, lzcnt, tsc, tscinvbit, avx, avx2, aes, erms, clmul, bmi1, bmi2, adx, avx512f, avx512dq, avx512cd, avx512bw, avx512vl, sha, fma, vzeroupper, avx512_vpopcntdq, avx512_vpclmulqdq, avx512_vaes, avx512_vnni, clflush, clflushopt, avx512_vbmi2, avx512_vbmi, rdtscp, rdpid, fsrm, gfni, avx512_bitalg, f16c, pku, avx512_ifma
Processor Information for all 16 processors :
  Max Mhz: 2496, Current Mhz: 2496, Mhz Limit: 2496

Memory: 4k page, system-wide physical 16193M (5287M free)
TotalPageFile size 65345M (AvailPageFile size 242M)
current process WorkingSet (physical memory assigned to process): 12M, peak: 12M
current process commit charge ("private bytes"): 71M, peak: 325M

vm_info: Java HotSpot(TM) 64-Bit Server VM (21.0.10+8-LTS-217) for windows-amd64 JRE (21.0.10+8-LTS-217), built on 2025-12-18T14:59:28Z by "mach5run" with MS VC++ 17.13 (VS2022)

END.
