2026-01-27 09:27:05.887 - DBeaver 25.3.3.202601181752 is starting
2026-01-27 09:27:05.888 - OS: Windows 11 10.0 (amd64)
2026-01-27 09:27:05.888 - Java version: 21.0.8 by Eclipse Adoptium (64bit)
2026-01-27 09:27:05.888 - Install path: 'C:\Users\adminn\AppData\Local\DBeaver'
2026-01-27 09:27:05.888 - Instance path: 'file:/C:/study/2. Database/'
2026-01-27 09:27:05.890 - Memory available 64Mb/1024Mb
2026-01-27 09:27:05.900 - Create display
2026-01-27 09:27:05.989 - Initialize desktop platform...
2026-01-27 09:27:06.119 - BounceCastle bundle found. Use JCE provider BC
> Start Core File Systems [org.eclipse.core.filesystem 1.11.400.v20251107-0507]
> Start Core Resource Management [org.eclipse.core.resources 3.23.100.v20251106-1705]
> Start 팀 지원 핵심 [org.eclipse.team.core 3.10.900.v20251104-0924]
> Start DBeaver UI Navigator [org.jkiss.dbeaver.ui.navigator 1.0.171.202601181752]
2026-01-27 09:27:06.272 - Initialize base platform...
2026-01-27 09:27:06.282 - send collected statistics
2026-01-27 09:27:06.296 - Platform initialized (307ms)
> Start Equinox Java Authentication and Authorization Service (JAAS) [org.eclipse.equinox.security 1.4.700.v20250622-1644]
> Start 인터넷 연결 관리 사용자 인터페이스 [org.eclipse.ui.net 1.5.500.v20250611-0855]
> Start Internet Connection Management [org.eclipse.core.net 1.5.800.v20250613-1119]
2026-01-27 09:27:06.412 - Proxy service 'org.eclipse.core.net.proxy.IProxyService' loaded
2026-01-27 09:27:06.458 - Starting instance server at http://localhost:56746
2026-01-27 09:27:06.464 - Run workbench
> Start Eclipse e4 작업영역 SWT [org.eclipse.e4.ui.workbench.swt 0.17.1000.v20251023-0611]
> Start Eclipse Application Services [org.eclipse.e4.core.services 2.5.300.v20251112-1253]
> Start Eclipse UI Application Services [org.eclipse.e4.ui.services 1.6.600.v20251023-1358]
> Start Eclipse e4 Progress View [org.eclipse.e4.ui.progress 0.4.900.v20251023-1511]
> Start Eclipse Bindings Support [org.eclipse.e4.ui.bindings 0.14.800.v20250916-0937]
> Start Eclipse e4 core commands [org.eclipse.e4.core.commands 1.1.700.v20250916-0927]
> Start EMF XML/XMI Persistence [org.eclipse.emf.ecore.xmi 2.39.0.v20250910-1205]
> Start Eclipse CSS SWT Theme Support [org.eclipse.e4.ui.css.swt.theme 0.14.600.v20251023-0615]
> Start Eclipse e4 작업영역 기능 추가 [org.eclipse.e4.ui.workbench.addons.swt 1.5.900.v20251007-0832]
Warning: NLS unused message: WorkbenchPreference_reuseEditorsThreshold in: org.eclipse.ui.internal.messages
Warning: NLS unused message: 이유 in: org.eclipse.ui.internal.messages
> Start Eclipse e4 작업영역 SWT 렌더러 [org.eclipse.e4.ui.workbench.renderers.swt 0.16.1000.v20251114-0005]
> Start Eclipse Dependency Injection Extensions [org.eclipse.e4.core.di.extensions 0.18.300.v20240413-1529]
> Start DBeaver AI Model [org.jkiss.dbeaver.model.ai 2.0.14.202601181752]
> Start DBeaver AI UI [org.jkiss.dbeaver.ui.ai 1.0.73.202601181752]
> Start Eclipse CSS SWT Support [org.eclipse.e4.ui.css.swt 0.15.700.v20251023-1511]
> Start JFace 텍스트 [org.eclipse.jface.text 3.29.0.v20251112-0859]
2026-01-27 09:27:07.829 - Configure workbench window
> Start DBeaver SQL Model [org.jkiss.dbeaver.model.sql 1.0.161.202601181752]
2026-01-27 09:27:07.966 - Total database drivers: 127 (127)
> Start 도움말 시스템 코어 [org.eclipse.help 3.10.600.v20250613-0437]
2026-01-27 09:27:08.034 - Create actions
2026-01-27 09:27:08.462 - Initialize workbench window
2026-01-27 09:27:08.474 - Finish initialization
> Start 기본 문서 편집기 [org.eclipse.ui.editors 3.20.200.v20251125-0939]
> Start 텍스트 편집기 프레임워크 [org.eclipse.ui.workbench.texteditor 3.19.400.v20251105-0815]
> Start DBeaver UI Editors - Data [org.jkiss.dbeaver.ui.editors.data 1.0.171.202601181752]
> Start DBeaver UI Editors - SQL [org.jkiss.dbeaver.ui.editors.sql 1.0.171.202601181752]
Warning: NLS unused message: FindReplace_RegExCheckbox_label in: org.eclipse.ui.texteditor.EditorMessages
Warning: NLS unused message: FindReplace_WrapCheckBox_label in: org.eclipse.ui.texteditor.EditorMessages
Warning: NLS unused message: FindReplace_IncrementalCheckBox_label in: org.eclipse.ui.texteditor.EditorMessages
Warning: NLS unused message: FindReplace_Options in: org.eclipse.ui.texteditor.EditorMessages
Warning: NLS unused message: FindReplace_ReplaceSelectionButton_label in: org.eclipse.ui.texteditor.EditorMessages
Warning: NLS unused message: FindReplace_SelectedRangeRadioButton_label in: org.eclipse.ui.texteditor.EditorMessages
Warning: NLS unused message: FindReplace_SelectAllButton_label in: org.eclipse.ui.texteditor.EditorMessages
Warning: NLS unused message: FindReplace_GlobalRadioButton_label in: org.eclipse.ui.texteditor.EditorMessages
Warning: NLS unused message: FindReplace_WholeWordCheckBox_label in: org.eclipse.ui.texteditor.EditorMessages
Warning: NLS unused message: FindReplace_ReplaceFindButton_label in: org.eclipse.ui.texteditor.EditorMessages
Warning: NLS unused message: FindReplace_BackwardRadioButton_label in: org.eclipse.ui.texteditor.EditorMessages
Warning: NLS unused message: FindReplace_CloseButton_label in: org.eclipse.ui.texteditor.EditorMessages
Warning: NLS unused message: FindReplace_Replace_label in: org.eclipse.ui.texteditor.EditorMessages
Warning: NLS unused message: FindReplace_CaseCheckBox_label in: org.eclipse.ui.texteditor.EditorMessages
Warning: NLS unused message: FindReplace_Status_replacements_label in: org.eclipse.ui.texteditor.EditorMessages
Warning: NLS unused message: FindReplace_title in: org.eclipse.ui.texteditor.EditorMessages
Warning: NLS unused message: FindReplace_Direction in: org.eclipse.ui.texteditor.EditorMessages
Warning: NLS unused message: FindReplace_ReplaceAllButton_label in: org.eclipse.ui.texteditor.EditorMessages
Warning: NLS unused message: FindReplace_Scope in: org.eclipse.ui.texteditor.EditorMessages
Warning: NLS unused message: FindReplace_Find_label in: org.eclipse.ui.texteditor.EditorMessages
Warning: NLS unused message: FindReplace_ForwardRadioButton_label in: org.eclipse.ui.texteditor.EditorMessages
Warning: NLS unused message: FindReplace_FindNextButton_label in: org.eclipse.ui.texteditor.EditorMessages
> Start DBeaver SQL Terminal [org.jkiss.dbeaver.ui.editors.sql.terminal 1.0.147.202601181752]
> Start 핵심 비교 지원 [org.eclipse.compare.core 3.8.800.v20250718-1505]
> Start DBeaver Sample Database [org.jkiss.dbeaver.ui.config.sample 1.0.208.202601181752]
2026-01-27 09:27:10.198 - Open [https://dbeaver.io/product/version.xml]
> Start DBeaver Dashboard UI [org.jkiss.dbeaver.ui.dashboard 1.0.168.202601181752]
> Start GEF Classic Draw2d [org.eclipse.draw2d 3.21.0.202512020742]
> Start GEF Classic GEF (MVC) [org.eclipse.gef 3.24.0.202511201732]
> Start DBeaver ERD UI [org.jkiss.dbeaver.ui.editors.erd 3.1.12.202601181752]
> Start DBeaver ERD Model [org.jkiss.dbeaver.model.erd 1.1.12.202601181752]
> Start DBeaver JDBC Model [org.jkiss.dbeaver.model.jdbc 1.0.64.202601181752]
> Start DBeaver MySQL Support [org.jkiss.dbeaver.ext.mysql 2.1.256.202601181752]
> Start 콘솔 [org.eclipse.ui.console 3.15.0.v20251113-1013]
> Start 디버그 핵심 [org.eclipse.debug.core 3.23.200.v20251107-0507]
> Start DBeaver Tasks - Native Tools UI [org.jkiss.dbeaver.tasks.native.ui 1.0.149.202601181752]
> Start DBeaver MySQL UI Support [org.jkiss.dbeaver.ext.mysql.ui 1.0.163.202601181752]
> Start DBeaver Tasks - General UI [org.jkiss.dbeaver.tasks.ui 1.0.149.202601181752]
2026-01-27 09:27:11.092 - Connect with 'localhost' (mysql8-19be3363e03-3b7f8b7c5f880443)
2026-01-27 09:27:11.115 - Execution context opened (localhost; Main; 0)
> Start DBeaver GIS Support [org.jkiss.dbeaver.data.gis 1.0.195.202601181752]
2026-01-27 09:27:11.325 - Execution context opened (localhost; Metadata; 1)
2026-01-27 09:27:11.420 - Connected (mysql8-19be3363e03-3b7f8b7c5f880443, MySQL Connector/J [mysql-connector-j-8.2.0 (Revision: 06a1f724497fd81c6a659131fda822c9e5085b6c)])
2026-01-27 09:27:11.526 - Execution context opened (localhost; SQLEditor <sql문제.sql>; 2)
> Start DBeaver SQL Language Semantic Model [org.jkiss.dbeaver.model.lsm 1.0.66.202601181752]
2026-01-27 09:47:34.396 - Execution context opened (localhost; SQLEditor <Script-7.sql>; 3)
2026-01-27 09:47:59.530 - Execution context opened (localhost; SQLEditor <3.SELECT.sql>; 4)
2026-01-27 09:48:06.624 - Execution context closed (localhost, 4)
2026-01-27 09:48:07.920 - Execution context opened (localhost; SQLEditor <Script-5.sql>; 5)
2026-01-27 09:48:14.445 - Connect with 'localhost 2' (mysql8-19be41b0fc1-359d8ba7bcb38111)
2026-01-27 09:48:14.445 - Execution context opened (localhost 2; Main; 6)
2026-01-27 09:48:14.452 - Execution context opened (localhost 2; Metadata; 7)
2026-01-27 09:48:14.477 - Connected (mysql8-19be41b0fc1-359d8ba7bcb38111, MySQL Connector/J [mysql-connector-j-8.2.0 (Revision: 06a1f724497fd81c6a659131fda822c9e5085b6c)])
2026-01-27 09:48:15.518 - Listener org.jkiss.dbeaver.ui.editors.DatabaseEditorListener@7effdd04 wasn't registered in model
2026-01-27 09:48:16.006 - Execution context opened (localhost; SQLEditor <Script-4.sql>; 8)
2026-01-27 09:48:19.847 - Execution context opened (localhost; SQLEditor <Script-3.sql>; 9)
2026-01-27 09:48:25.085 - Execution context opened (localhost; SQLEditor <데이터베이스 연습.sql>; 10)
2026-01-27 09:48:34.116 - Execution context opened (localhost; SQLEditor <2. 제약조건 정리.sql>; 11)
2026-01-27 09:48:50.081 - Execution context opened (localhost; SQLEditor <Script.sql>; 12)
2026-01-27 10:03:22.616 - Execution context opened (localhost; SQLEditor <Script-8.sql>; 13)
2026-01-27 10:05:08.960 - Delete empty SQL script '\General\Scripts\Script-8.sql'
2026-01-27 10:05:08.972 - Execution context closed (localhost, 13)
2026-01-27 10:12:20.755 - Error while analyzing query text: CREATE TABLE employees1(
	employeesid INt PRIMARY KEY auto_increment,
	name varchar(10),
	age int,
	gender varchar(1) check(gender IN('W', 'M')),
	dept varchar(10),
	salary int,
	position_id int,
	CONSTRAINT fk_position FOREIGN KEY (position_id)
	REFERENCES position(position_id)
)
java.lang.IllegalStateException: Rows data was not resolved yet
	at org.jkiss.dbeaver.model.sql.semantics.model.select.SQLQueryRowsSourceModel.getRowsDataContext(SQLQueryRowsSourceModel.java:52)
	at org.jkiss.dbeaver.model.sql.semantics.model.ddl.SQLQueryColumnConstraintSpec.propagateForReferencedEntity(SQLQueryColumnConstraintSpec.java:118)
	at org.jkiss.dbeaver.model.sql.semantics.model.ddl.SQLQueryTableConstraintSpec.resolveRelations(SQLQueryTableConstraintSpec.java:116)
	at org.jkiss.dbeaver.model.sql.semantics.model.ddl.SQLQueryTableCreateModel.resolveObjectAndRowsReferences(SQLQueryTableCreateModel.java:139)
	at org.jkiss.dbeaver.model.sql.semantics.model.SQLQueryModel.resolveRelations(SQLQueryModel.java:72)
	at org.jkiss.dbeaver.model.sql.semantics.SQLQueryModelRecognizer.recognizeQuery(SQLQueryModelRecognizer.java:154)
	at org.jkiss.dbeaver.model.sql.semantics.SQLQueryModelRecognizer.recognizeQuery(SQLQueryModelRecognizer.java:1026)
	at org.jkiss.dbeaver.ui.editors.sql.semantics.SQLBackgroundParsingJob.doWork(SQLBackgroundParsingJob.java:606)
	at org.jkiss.dbeaver.ui.editors.sql.semantics.SQLBackgroundParsingJob$1.run(SQLBackgroundParsingJob.java:86)
	at org.jkiss.dbeaver.model.runtime.AbstractJob.run(AbstractJob.java:110)
	at org.eclipse.core.internal.jobs.Worker.run(Worker.java:63)
2026-01-27 10:16:21.362 - Error while analyzing query text: CREATE TABLE employees e(
	employees1id INt PRIMARY KEY auto_increment,
	name varchar(10),
	age int,
	gender varchar(1) check(gender IN('W', 'M')),
	dept varchar(10),
	salary int,
	employees1_id int,
	CONSTRAINT fk_position FOREIGN KEY (employees1_id)
	REFERENCES position(employees1_id)
	ON DELETE cascade
)
java.lang.IllegalStateException: Rows data was not resolved yet
	at org.jkiss.dbeaver.model.sql.semantics.model.select.SQLQueryRowsSourceModel.getRowsDataContext(SQLQueryRowsSourceModel.java:52)
	at org.jkiss.dbeaver.model.sql.semantics.model.ddl.SQLQueryColumnConstraintSpec.propagateForReferencedEntity(SQLQueryColumnConstraintSpec.java:118)
	at org.jkiss.dbeaver.model.sql.semantics.model.ddl.SQLQueryTableConstraintSpec.resolveRelations(SQLQueryTableConstraintSpec.java:116)
	at org.jkiss.dbeaver.model.sql.semantics.model.ddl.SQLQueryTableCreateModel.resolveObjectAndRowsReferences(SQLQueryTableCreateModel.java:139)
	at org.jkiss.dbeaver.model.sql.semantics.model.SQLQueryModel.resolveRelations(SQLQueryModel.java:72)
	at org.jkiss.dbeaver.model.sql.semantics.SQLQueryModelRecognizer.recognizeQuery(SQLQueryModelRecognizer.java:154)
	at org.jkiss.dbeaver.model.sql.semantics.SQLQueryModelRecognizer.recognizeQuery(SQLQueryModelRecognizer.java:1026)
	at org.jkiss.dbeaver.ui.editors.sql.semantics.SQLBackgroundParsingJob.doWork(SQLBackgroundParsingJob.java:606)
	at org.jkiss.dbeaver.ui.editors.sql.semantics.SQLBackgroundParsingJob$1.run(SQLBackgroundParsingJob.java:86)
	at org.jkiss.dbeaver.model.runtime.AbstractJob.run(AbstractJob.java:110)
	at org.eclipse.core.internal.jobs.Worker.run(Worker.java:63)
> Start DBeaver Data Transfer [org.jkiss.dbeaver.data.transfer 2.0.155.202601181752]
2026-01-27 10:29:32.489 - Table 'employees.employees1' not found in metadata catalog
2026-01-27 10:29:32.490 - Table 'employees.employees1' not found in metadata catalog
2026-01-27 10:29:32.490 - Table 'employees.employees1' not found in metadata catalog
2026-01-27 10:29:32.490 - Table 'employees.employees1' not found in metadata catalog
2026-01-27 10:29:32.490 - Table 'employees.employees1' not found in metadata catalog
2026-01-27 10:29:32.490 - Table 'employees.employees1' not found in metadata catalog
2026-01-27 10:29:32.490 - Table 'employees.employees1' not found in metadata catalog
2026-01-27 10:38:14.606 - Table 'employees.position1' not found in metadata catalog
2026-01-27 10:38:14.606 - Table 'employees.position1' not found in metadata catalog
2026-01-27 10:44:33.820 - Table 'employees.employees1' not found in metadata catalog
2026-01-27 10:44:33.820 - Table 'employees.employees1' not found in metadata catalog
2026-01-27 10:44:33.820 - Table 'employees.employees1' not found in metadata catalog
2026-01-27 10:44:33.820 - Table 'employees.employees1' not found in metadata catalog
2026-01-27 10:44:33.820 - Table 'employees.employees1' not found in metadata catalog
2026-01-27 10:44:33.820 - Table 'employees.employees1' not found in metadata catalog
2026-01-27 10:44:33.820 - Table 'employees.employees1' not found in metadata catalog
2026-01-27 10:44:41.696 - Table 'employees.position1' not found in metadata catalog
2026-01-27 10:44:41.696 - Table 'employees.position1' not found in metadata catalog
2026-01-27 10:46:53.116 - Table 'employees.position1' not found in metadata catalog
2026-01-27 10:46:53.117 - Table 'employees.position1' not found in metadata catalog
2026-01-27 10:46:54.680 - Table 'employees.employees1' not found in metadata catalog
2026-01-27 10:46:54.680 - Table 'employees.employees1' not found in metadata catalog
2026-01-27 10:46:54.680 - Table 'employees.employees1' not found in metadata catalog
2026-01-27 10:46:54.680 - Table 'employees.employees1' not found in metadata catalog
2026-01-27 10:46:54.680 - Table 'employees.employees1' not found in metadata catalog
2026-01-27 10:46:54.680 - Table 'employees.employees1' not found in metadata catalog
2026-01-27 10:46:54.680 - Table 'employees.employees1' not found in metadata catalog
2026-01-27 10:48:00.184 - Table 'employees.employees1' not found in metadata catalog
2026-01-27 10:48:00.184 - Table 'employees.employees1' not found in metadata catalog
2026-01-27 10:48:00.184 - Table 'employees.employees1' not found in metadata catalog
2026-01-27 10:48:00.184 - Table 'employees.employees1' not found in metadata catalog
2026-01-27 10:48:00.184 - Table 'employees.employees1' not found in metadata catalog
2026-01-27 10:48:00.184 - Table 'employees.employees1' not found in metadata catalog
2026-01-27 10:48:00.184 - Table 'employees.employees1' not found in metadata catalog
2026-01-27 10:48:00.203 - Table 'employees.employees1' not found in metadata catalog
2026-01-27 10:48:00.203 - Table 'employees.employees1' not found in metadata catalog
2026-01-27 10:48:00.203 - Table 'employees.employees1' not found in metadata catalog
2026-01-27 10:48:00.203 - Table 'employees.employees1' not found in metadata catalog
2026-01-27 10:48:00.203 - Table 'employees.employees1' not found in metadata catalog
2026-01-27 10:48:00.204 - Table 'employees.employees1' not found in metadata catalog
2026-01-27 10:48:00.204 - Table 'employees.employees1' not found in metadata catalog
2026-01-27 10:49:50.209 - Table 'employees.employees1' not found in metadata catalog
2026-01-27 10:49:50.210 - Table 'employees.employees1' not found in metadata catalog
2026-01-27 10:49:50.210 - Table 'employees.employees1' not found in metadata catalog
2026-01-27 10:49:50.210 - Table 'employees.employees1' not found in metadata catalog
2026-01-27 10:49:50.210 - Table 'employees.employees1' not found in metadata catalog
2026-01-27 10:49:50.210 - Table 'employees.employees1' not found in metadata catalog
2026-01-27 10:49:50.210 - Table 'employees.employees1' not found in metadata catalog
2026-01-27 10:52:29.421 - Error while analyzing query text: DELETE FROM employees1
WH
java.lang.UnsupportedOperationException: Symbol entry origin has already been set
	at org.jkiss.dbeaver.model.sql.semantics.SQLQueryLexicalScopeItem.setOrigin(SQLQueryLexicalScopeItem.java:51)
	at org.jkiss.dbeaver.model.sql.semantics.SQLQuerySymbolEntry.setOrigin(SQLQuerySymbolEntry.java:90)
	at org.jkiss.dbeaver.model.sql.semantics.SQLQuerySemanticUtils.performPartialResolution(SQLQuerySemanticUtils.java:98)
	at org.jkiss.dbeaver.model.sql.semantics.model.select.SQLQueryRowsTableDataModel.resolveRowSourcesImpl(SQLQueryRowsTableDataModel.java:181)
	at org.jkiss.dbeaver.model.sql.semantics.model.select.SQLQueryRowsSourceModel.resolveRowSources(SQLQueryRowsSourceModel.java:91)
	at org.jkiss.dbeaver.model.sql.semantics.model.select.SQLQueryRowsCorrelatedSourceModel.resolveRowSourcesImpl(SQLQueryRowsCorrelatedSourceModel.java:118)
	at org.jkiss.dbeaver.model.sql.semantics.model.select.SQLQueryRowsSourceModel.resolveRowSources(SQLQueryRowsSourceModel.java:91)
	at org.jkiss.dbeaver.model.sql.semantics.model.dml.SQLQueryDeleteModel.resolveRowsReferencesImpl(SQLQueryDeleteModel.java:91)
	at org.jkiss.dbeaver.model.sql.semantics.model.dml.SQLQueryDMLStatementModel.resolveObjectAndRowsReferences(SQLQueryDMLStatementModel.java:54)
	at org.jkiss.dbeaver.model.sql.semantics.model.SQLQueryModel.resolveRelations(SQLQueryModel.java:72)
	at org.jkiss.dbeaver.model.sql.semantics.SQLQueryModelRecognizer.recognizeQuery(SQLQueryModelRecognizer.java:154)
	at org.jkiss.dbeaver.model.sql.semantics.SQLQueryModelRecognizer.recognizeQuery(SQLQueryModelRecognizer.java:1026)
	at org.jkiss.dbeaver.ui.editors.sql.semantics.SQLBackgroundParsingJob.doWork(SQLBackgroundParsingJob.java:606)
	at org.jkiss.dbeaver.ui.editors.sql.semantics.SQLBackgroundParsingJob$1.run(SQLBackgroundParsingJob.java:86)
	at org.jkiss.dbeaver.model.runtime.AbstractJob.run(AbstractJob.java:110)
	at org.eclipse.core.internal.jobs.Worker.run(Worker.java:63)
2026-01-27 10:52:58.305 - Table 'employees.employees1' not found in metadata catalog
2026-01-27 10:52:58.305 - Table 'employees.employees1' not found in metadata catalog
2026-01-27 10:52:58.307 - Table 'employees.employees1' not found in metadata catalog
2026-01-27 10:52:58.307 - Table 'employees.employees1' not found in metadata catalog
2026-01-27 10:52:58.307 - Table 'employees.employees1' not found in metadata catalog
2026-01-27 10:52:58.307 - Table 'employees.employees1' not found in metadata catalog
2026-01-27 10:52:58.307 - Table 'employees.employees1' not found in metadata catalog
2026-01-27 10:57:57.707 - Table 'employees.employees1' not found in metadata catalog
2026-01-27 10:58:46.512 - Table 'employees.employees1' not found in metadata catalog
2026-01-27 11:00:15.626 - Table 'employees.employees1' not found in metadata catalog
2026-01-27 11:09:11.863 - Execution context opened (localhost; SQLEditor <Script-6.sql>; 14)
2026-01-27 11:09:14.405 - Execution context opened (localhost; SQLEditor <4.  정규화.sql>; 15)
2026-01-27 12:24:41.584 - End idle 1 transactions for mysql8-19be3363e03-3b7f8b7c5f880443
2026-01-27 12:49:14.911 - Application goes into sleep mode
2026-01-27 13:26:17.776 - Application wakes
2026-01-27 13:36:55.860 - Execution context closed (localhost, 10)
2026-01-27 13:36:55.874 - Execution context closed (localhost, 12)
2026-01-27 13:36:55.887 - Execution context closed (localhost, 9)
2026-01-27 13:36:55.910 - Execution context closed (localhost, 8)
2026-01-27 13:36:55.948 - Execution context closed (localhost, 5)
2026-01-27 13:36:55.969 - Execution context closed (localhost, 14)
2026-01-27 13:36:55.987 - Execution context closed (localhost, 15)
2026-01-27 13:36:56.032 - Execution context closed (localhost, 2)
2026-01-27 13:36:56.049 - Execution context closed (localhost, 11)
2026-01-27 13:36:56.147 - Execution context closed (localhost, 3)
2026-01-27 13:36:56.392 - Dispose navigator model
2026-01-27 13:36:56.397 - Listener 'org.jkiss.dbeaver.ui.editors.DatabaseEditorListener@54faeb4e' is not unregistered from DBM model
2026-01-27 13:36:56.436 - DBeaver is stopping
2026-01-27 13:36:56.444 - Stop instance server
2026-01-27 13:36:57.459 - Instance server has been stopped
2026-01-27 13:36:57.459 - DBeaver shutdown completed
