2026-01-23 13:29:21.800 - DBeaver 25.3.3.202601181752 is starting
2026-01-23 13:29:21.801 - OS: Windows 11 10.0 (amd64)
2026-01-23 13:29:21.801 - Java version: 21.0.8 by Eclipse Adoptium (64bit)
2026-01-23 13:29:21.801 - Install path: 'C:\Users\adminn\AppData\Local\DBeaver'
2026-01-23 13:29:21.801 - Instance path: 'file:/C:/study/2. Database/'
2026-01-23 13:29:21.803 - Memory available 64Mb/1024Mb
2026-01-23 13:29:21.813 - Create display
2026-01-23 13:29:21.905 - Initialize desktop platform...
2026-01-23 13:29:22.042 - BounceCastle bundle found. Use JCE provider BC
> Start Core File Systems [org.eclipse.core.filesystem 1.11.400.v20251107-0507]
> Start Core Resource Management [org.eclipse.core.resources 3.23.100.v20251106-1705]
> Start 팀 지원 핵심 [org.eclipse.team.core 3.10.900.v20251104-0924]
> Start DBeaver UI Navigator [org.jkiss.dbeaver.ui.navigator 1.0.171.202601181752]
2026-01-23 13:29:22.217 - Initialize base platform...
2026-01-23 13:29:22.228 - send collected statistics
2026-01-23 13:29:22.240 - Platform initialized (335ms)
> Start Equinox Java Authentication and Authorization Service (JAAS) [org.eclipse.equinox.security 1.4.700.v20250622-1644]
> Start 인터넷 연결 관리 사용자 인터페이스 [org.eclipse.ui.net 1.5.500.v20250611-0855]
> Start Internet Connection Management [org.eclipse.core.net 1.5.800.v20250613-1119]
2026-01-23 13:29:22.340 - Proxy service 'org.eclipse.core.net.proxy.IProxyService' loaded
2026-01-23 13:29:22.578 - Error accessing instance server: java.net.ConnectException
2026-01-23 13:29:22.590 - Starting instance server at http://localhost:60728
2026-01-23 13:29:22.599 - Run workbench
> Start Eclipse e4 작업영역 SWT [org.eclipse.e4.ui.workbench.swt 0.17.1000.v20251023-0611]
> Start Eclipse Application Services [org.eclipse.e4.core.services 2.5.300.v20251112-1253]
> Start Eclipse UI Application Services [org.eclipse.e4.ui.services 1.6.600.v20251023-1358]
> Start Eclipse e4 Progress View [org.eclipse.e4.ui.progress 0.4.900.v20251023-1511]
> Start Eclipse Bindings Support [org.eclipse.e4.ui.bindings 0.14.800.v20250916-0937]
> Start Eclipse e4 core commands [org.eclipse.e4.core.commands 1.1.700.v20250916-0927]
> Start EMF XML/XMI Persistence [org.eclipse.emf.ecore.xmi 2.39.0.v20250910-1205]
> Start Eclipse CSS SWT Theme Support [org.eclipse.e4.ui.css.swt.theme 0.14.600.v20251023-0615]
> Start Eclipse e4 작업영역 기능 추가 [org.eclipse.e4.ui.workbench.addons.swt 1.5.900.v20251007-0832]
Warning: NLS unused message: WorkbenchPreference_reuseEditorsThreshold in: org.eclipse.ui.internal.messages
Warning: NLS unused message: 이유 in: org.eclipse.ui.internal.messages
> Start Eclipse e4 작업영역 SWT 렌더러 [org.eclipse.e4.ui.workbench.renderers.swt 0.16.1000.v20251114-0005]
> Start Eclipse Dependency Injection Extensions [org.eclipse.e4.core.di.extensions 0.18.300.v20240413-1529]
> Start DBeaver AI Model [org.jkiss.dbeaver.model.ai 2.0.14.202601181752]
> Start DBeaver AI UI [org.jkiss.dbeaver.ui.ai 1.0.73.202601181752]
> Start Eclipse CSS SWT Support [org.eclipse.e4.ui.css.swt 0.15.700.v20251023-1511]
> Start JFace 텍스트 [org.eclipse.jface.text 3.29.0.v20251112-0859]
2026-01-23 13:29:23.985 - Configure workbench window
> Start DBeaver SQL Model [org.jkiss.dbeaver.model.sql 1.0.161.202601181752]
2026-01-23 13:29:24.105 - Total database drivers: 127 (127)
> Start 도움말 시스템 코어 [org.eclipse.help 3.10.600.v20250613-0437]
2026-01-23 13:29:24.163 - Create actions
2026-01-23 13:29:24.576 - Initialize workbench window
2026-01-23 13:29:24.588 - Finish initialization
> Start 기본 문서 편집기 [org.eclipse.ui.editors 3.20.200.v20251125-0939]
> Start 텍스트 편집기 프레임워크 [org.eclipse.ui.workbench.texteditor 3.19.400.v20251105-0815]
> Start DBeaver UI Editors - Data [org.jkiss.dbeaver.ui.editors.data 1.0.171.202601181752]
> Start DBeaver UI Editors - SQL [org.jkiss.dbeaver.ui.editors.sql 1.0.171.202601181752]
Warning: NLS unused message: FindReplace_RegExCheckbox_label in: org.eclipse.ui.texteditor.EditorMessages
Warning: NLS unused message: FindReplace_WrapCheckBox_label in: org.eclipse.ui.texteditor.EditorMessages
Warning: NLS unused message: FindReplace_IncrementalCheckBox_label in: org.eclipse.ui.texteditor.EditorMessages
Warning: NLS unused message: FindReplace_Options in: org.eclipse.ui.texteditor.EditorMessages
Warning: NLS unused message: FindReplace_ReplaceSelectionButton_label in: org.eclipse.ui.texteditor.EditorMessages
Warning: NLS unused message: FindReplace_SelectedRangeRadioButton_label in: org.eclipse.ui.texteditor.EditorMessages
Warning: NLS unused message: FindReplace_SelectAllButton_label in: org.eclipse.ui.texteditor.EditorMessages
Warning: NLS unused message: FindReplace_GlobalRadioButton_label in: org.eclipse.ui.texteditor.EditorMessages
Warning: NLS unused message: FindReplace_WholeWordCheckBox_label in: org.eclipse.ui.texteditor.EditorMessages
Warning: NLS unused message: FindReplace_ReplaceFindButton_label in: org.eclipse.ui.texteditor.EditorMessages
Warning: NLS unused message: FindReplace_BackwardRadioButton_label in: org.eclipse.ui.texteditor.EditorMessages
Warning: NLS unused message: FindReplace_CloseButton_label in: org.eclipse.ui.texteditor.EditorMessages
Warning: NLS unused message: FindReplace_Replace_label in: org.eclipse.ui.texteditor.EditorMessages
Warning: NLS unused message: FindReplace_CaseCheckBox_label in: org.eclipse.ui.texteditor.EditorMessages
Warning: NLS unused message: FindReplace_Status_replacements_label in: org.eclipse.ui.texteditor.EditorMessages
Warning: NLS unused message: FindReplace_title in: org.eclipse.ui.texteditor.EditorMessages
Warning: NLS unused message: FindReplace_Direction in: org.eclipse.ui.texteditor.EditorMessages
Warning: NLS unused message: FindReplace_ReplaceAllButton_label in: org.eclipse.ui.texteditor.EditorMessages
Warning: NLS unused message: FindReplace_Scope in: org.eclipse.ui.texteditor.EditorMessages
Warning: NLS unused message: FindReplace_Find_label in: org.eclipse.ui.texteditor.EditorMessages
Warning: NLS unused message: FindReplace_ForwardRadioButton_label in: org.eclipse.ui.texteditor.EditorMessages
Warning: NLS unused message: FindReplace_FindNextButton_label in: org.eclipse.ui.texteditor.EditorMessages
> Start DBeaver SQL Terminal [org.jkiss.dbeaver.ui.editors.sql.terminal 1.0.147.202601181752]
2026-01-23 13:29:25.243 - Open [https://stats.dbeaver.com/send-statistics?session=b00a546d-d304-4e48-87b5-93be1c8db44d&time=1769128322]
> Start 핵심 비교 지원 [org.eclipse.compare.core 3.8.800.v20250718-1505]
2026-01-23 13:29:25.880 - Error sending statistics file 'C:\study\2. Database\.metadata\.activity-logs\1769128322_b00a546d-d304-4e48-87b5-93be1c8db44d.log'.
javax.net.ssl.SSLHandshakeException: PKIX path building failed: sun.security.provider.certpath.SunCertPathBuilderException: unable to find valid certification path to requested target
	at java.base/sun.security.ssl.Alert.createSSLException(Alert.java:130)
	at java.base/sun.security.ssl.TransportContext.fatal(TransportContext.java:383)
	at java.base/sun.security.ssl.TransportContext.fatal(TransportContext.java:326)
	at java.base/sun.security.ssl.TransportContext.fatal(TransportContext.java:321)
	at java.base/sun.security.ssl.CertificateMessage$T13CertificateConsumer.checkServerCerts(CertificateMessage.java:1327)
	at java.base/sun.security.ssl.CertificateMessage$T13CertificateConsumer.onConsumeCertificate(CertificateMessage.java:1204)
	at java.base/sun.security.ssl.CertificateMessage$T13CertificateConsumer.consume(CertificateMessage.java:1147)
	at java.base/sun.security.ssl.SSLHandshake.consume(SSLHandshake.java:393)
	at java.base/sun.security.ssl.HandshakeContext.dispatch(HandshakeContext.java:476)
	at java.base/sun.security.ssl.HandshakeContext.dispatch(HandshakeContext.java:447)
	at java.base/sun.security.ssl.TransportContext.dispatch(TransportContext.java:206)
	at java.base/sun.security.ssl.SSLTransport.decode(SSLTransport.java:172)
	at java.base/sun.security.ssl.SSLSocketImpl.decode(SSLSocketImpl.java:1506)
	at java.base/sun.security.ssl.SSLSocketImpl.readHandshakeRecord(SSLSocketImpl.java:1421)
	at java.base/sun.security.ssl.SSLSocketImpl.startHandshake(SSLSocketImpl.java:455)
	at java.base/sun.security.ssl.SSLSocketImpl.startHandshake(SSLSocketImpl.java:426)
	at java.base/sun.net.www.protocol.https.HttpsClient.afterConnect(HttpsClient.java:586)
	at java.base/sun.net.www.protocol.https.AbstractDelegateHttpsURLConnection.connect(AbstractDelegateHttpsURLConnection.java:187)
	at java.base/sun.net.www.protocol.http.HttpURLConnection.getOutputStream0(HttpURLConnection.java:1462)
	at java.base/sun.net.www.protocol.http.HttpURLConnection.getOutputStream(HttpURLConnection.java:1433)
	at java.base/sun.net.www.protocol.https.HttpsURLConnectionImpl.getOutputStream(HttpsURLConnectionImpl.java:219)
	at org.jkiss.dbeaver.ui.statistics.StatisticsTransmitter.sendLogFile(StatisticsTransmitter.java:149)
	at org.jkiss.dbeaver.ui.statistics.StatisticsTransmitter.sendStatistics(StatisticsTransmitter.java:110)
	at org.jkiss.dbeaver.ui.statistics.StatisticsTransmitter$1.run(StatisticsTransmitter.java:70)
	at org.jkiss.dbeaver.model.runtime.AbstractJob.run(AbstractJob.java:110)
	at org.eclipse.core.internal.jobs.Worker.run(Worker.java:63)
Caused by: sun.security.validator.ValidatorException: PKIX path building failed: sun.security.provider.certpath.SunCertPathBuilderException: unable to find valid certification path to requested target
	at java.base/sun.security.validator.PKIXValidator.doBuild(PKIXValidator.java:388)
	at java.base/sun.security.validator.PKIXValidator.engineValidate(PKIXValidator.java:271)
	at java.base/sun.security.validator.Validator.validate(Validator.java:256)
	at java.base/sun.security.ssl.X509TrustManagerImpl.checkTrusted(X509TrustManagerImpl.java:230)
	at java.base/sun.security.ssl.X509TrustManagerImpl.checkServerTrusted(X509TrustManagerImpl.java:132)
	at java.base/sun.security.ssl.CertificateMessage$T13CertificateConsumer.checkServerCerts(CertificateMessage.java:1311)
	... 21 more
Caused by: sun.security.provider.certpath.SunCertPathBuilderException: unable to find valid certification path to requested target
	at java.base/sun.security.provider.certpath.SunCertPathBuilder.build(SunCertPathBuilder.java:148)
	at java.base/sun.security.provider.certpath.SunCertPathBuilder.engineBuild(SunCertPathBuilder.java:129)
	at java.base/java.security.cert.CertPathBuilder.build(CertPathBuilder.java:297)
	at java.base/sun.security.validator.PKIXValidator.doBuild(PKIXValidator.java:383)
	... 26 more
> Start DBeaver Sample Database [org.jkiss.dbeaver.ui.config.sample 1.0.208.202601181752]
2026-01-23 13:29:26.954 - Open [https://dbeaver.io/product/version.xml]
> Start DBeaver Dashboard UI [org.jkiss.dbeaver.ui.dashboard 1.0.168.202601181752]
> Start GEF Classic Draw2d [org.eclipse.draw2d 3.21.0.202512020742]
> Start GEF Classic GEF (MVC) [org.eclipse.gef 3.24.0.202511201732]
> Start DBeaver ERD UI [org.jkiss.dbeaver.ui.editors.erd 3.1.12.202601181752]
> Start DBeaver ERD Model [org.jkiss.dbeaver.model.erd 1.1.12.202601181752]
> Start DBeaver JDBC Model [org.jkiss.dbeaver.model.jdbc 1.0.64.202601181752]
> Start DBeaver MySQL Support [org.jkiss.dbeaver.ext.mysql 2.1.256.202601181752]
> Start 콘솔 [org.eclipse.ui.console 3.15.0.v20251113-1013]
> Start 디버그 핵심 [org.eclipse.debug.core 3.23.200.v20251107-0507]
> Start DBeaver Tasks - Native Tools UI [org.jkiss.dbeaver.tasks.native.ui 1.0.149.202601181752]
> Start DBeaver MySQL UI Support [org.jkiss.dbeaver.ext.mysql.ui 1.0.163.202601181752]
> Start DBeaver Tasks - General UI [org.jkiss.dbeaver.tasks.ui 1.0.149.202601181752]
2026-01-23 13:29:27.654 - Connect with 'localhost' (mysql8-19be3363e03-3b7f8b7c5f880443)
2026-01-23 13:29:27.666 - Execution context opened (localhost; Main; 0)
> Start DBeaver GIS Support [org.jkiss.dbeaver.data.gis 1.0.195.202601181752]
> Start DBeaver SQL Language Semantic Model [org.jkiss.dbeaver.model.lsm 1.0.66.202601181752]
2026-01-23 13:32:13.728 - Connect with 'localhost' (mysql8-19be3363e03-3b7f8b7c5f880443)
2026-01-23 13:32:13.729 - Execution context opened (localhost; Main; 1)
2026-01-23 13:32:20.497 - Connect with 'localhost 2' (mysql8-19be41b0fc1-359d8ba7bcb38111)
2026-01-23 13:32:20.501 - Execution context opened (localhost 2; Main; 2)
2026-01-23 13:32:20.560 - Execution context opened (localhost 2; Metadata; 3)
2026-01-23 13:32:20.621 - Connected (mysql8-19be41b0fc1-359d8ba7bcb38111, MySQL Connector/J [mysql-connector-j-8.2.0 (Revision: 06a1f724497fd81c6a659131fda822c9e5085b6c)])
> Start Data Transfer UI [org.jkiss.dbeaver.data.transfer.ui 1.0.155.202601181752]
2026-01-23 13:32:24.817 - Service 'org.jkiss.dbeaver.ui.UIServiceConnectionEditor' not found
2026-01-23 13:32:24.833 - Service 'org.jkiss.dbeaver.runtime.ui.UIServiceSecurity' not found
> Start DBeaver Data Transfer [org.jkiss.dbeaver.data.transfer 2.0.155.202601181752]
2026-01-23 13:32:31.346 - Service 'org.jkiss.dbeaver.ui.UIServiceConnectionEditor' not found
2026-01-23 13:32:31.374 - Service 'org.jkiss.dbeaver.runtime.ui.UIServiceSecurity' not found
2026-01-23 13:32:37.185 - Connect with 'localhost' (mysql8-19be9202721-47a1f24c0fa82284)
2026-01-23 13:32:37.185 - Execution context opened (localhost; Main; 4)
2026-01-23 13:32:37.202 - Connected (mysql8-19be9202721-47a1f24c0fa82284, MySQL Connector/J [mysql-connector-j-8.2.0 (Revision: 06a1f724497fd81c6a659131fda822c9e5085b6c)])
2026-01-23 13:32:37.215 - Execution context closed (localhost, 4)
2026-01-23 13:32:37.215 - Disconnected (mysql8-19be9202721-47a1f24c0fa82284)
2026-01-23 13:32:40.343 - Connect with 'localhost' (mysql8-19be3363e03-3b7f8b7c5f880443)
2026-01-23 13:32:40.344 - Execution context opened (localhost; Main; 5)
2026-01-23 13:32:40.349 - Execution context opened (localhost; Metadata; 6)
2026-01-23 13:32:40.365 - Connected (mysql8-19be3363e03-3b7f8b7c5f880443, MySQL Connector/J [mysql-connector-j-8.2.0 (Revision: 06a1f724497fd81c6a659131fda822c9e5085b6c)])
2026-01-23 13:32:40.369 - Execution context opened (localhost; SQLEditor <Script-3.sql>; 7)
2026-01-23 14:00:10.150 - Execution context opened (localhost; SQLEditor <데이터베이스 연습.sql>; 8)
2026-01-23 14:00:25.493 - Execution context opened (localhost; SQLEditor <2. 제약조건 정리.sql>; 9)
2026-01-23 14:00:36.038 - Execution context opened (localhost; SQLEditor <Script.sql>; 10)
2026-01-23 14:12:59.871 - Execution context opened (localhost; SQLEditor <Query>; 11)
2026-01-23 15:33:08.213 - Execution context opened (localhost; SQLEditor <Script-4.sql>; 12)
2026-01-23 15:33:11.332 - org.eclipse.jface.text.BadLocationException
org.eclipse.jface.text.BadLocationException
	at org.eclipse.jface.text.AbstractDocument.getContentType(AbstractDocument.java:1373)
	at org.eclipse.jface.text.TextUtilities.getContentType(TextUtilities.java:386)
	at org.jkiss.dbeaver.ui.editors.sql.syntax.SQLCompletionProcessor.computeCompletionProposals(SQLCompletionProcessor.java:117)
	at org.eclipse.jface.text.contentassist.ContentAssistant$2.lambda$0(ContentAssistant.java:2087)
	at java.base/java.lang.Iterable.forEach(Iterable.java:75)
	at org.eclipse.jface.text.contentassist.ContentAssistant$2.run(ContentAssistant.java:2086)
	at org.eclipse.core.runtime.SafeRunner.run(SafeRunner.java:47)
	at org.eclipse.jface.text.contentassist.ContentAssistant.computeCompletionProposals(ContentAssistant.java:2083)
	at org.eclipse.jface.text.contentassist.CompletionProposalPopup.computeProposals(CompletionProposalPopup.java:591)
	at org.eclipse.jface.text.contentassist.CompletionProposalPopup.computeFilteredProposals(CompletionProposalPopup.java:1587)
	at org.eclipse.jface.text.contentassist.CompletionProposalPopup$1.run(CompletionProposalPopup.java:378)
	at org.eclipse.swt.widgets.RunnableLock.run(RunnableLock.java:40)
	at org.eclipse.swt.widgets.Synchronizer.runAsyncMessages(Synchronizer.java:132)
	at org.eclipse.swt.widgets.Display.runAsyncMessages(Display.java:4137)
	at org.eclipse.swt.widgets.Display.readAndDispatch(Display.java:3753)
	at org.eclipse.e4.ui.internal.workbench.swt.PartRenderingEngine$5.run(PartRenderingEngine.java:1147)
	at org.eclipse.core.databinding.observable.Realm.runWithDefault(Realm.java:339)
	at org.eclipse.e4.ui.internal.workbench.swt.PartRenderingEngine.run(PartRenderingEngine.java:1038)
	at org.eclipse.e4.ui.internal.workbench.E4Workbench.createAndRunUI(E4Workbench.java:153)
	at org.eclipse.ui.internal.Workbench.lambda$3(Workbench.java:677)
	at org.eclipse.core.databinding.observable.Realm.runWithDefault(Realm.java:339)
	at org.eclipse.ui.internal.Workbench.createAndRunWorkbench(Workbench.java:583)
	at org.eclipse.ui.PlatformUI.createAndRunWorkbench(PlatformUI.java:173)
	at org.jkiss.dbeaver.ui.app.standalone.DBeaverApplication.start(DBeaverApplication.java:318)
	at org.eclipse.equinox.internal.app.EclipseAppHandle.run(EclipseAppHandle.java:219)
	at org.eclipse.core.runtime.internal.adaptor.EclipseAppLauncher.runApplication(EclipseAppLauncher.java:149)
	at org.eclipse.core.runtime.internal.adaptor.EclipseAppLauncher.start(EclipseAppLauncher.java:115)
	at org.eclipse.core.runtime.adaptor.EclipseStarter.run(EclipseStarter.java:467)
	at org.eclipse.core.runtime.adaptor.EclipseStarter.run(EclipseStarter.java:298)
	at java.base/jdk.internal.reflect.DirectMethodHandleAccessor.invoke(DirectMethodHandleAccessor.java:103)
	at java.base/java.lang.reflect.Method.invoke(Method.java:580)
	at org.jkiss.dbeaver.launcher.DBeaverLauncher.invokeFramework(DBeaverLauncher.java:968)
	at org.jkiss.dbeaver.launcher.DBeaverLauncher.basicRun(DBeaverLauncher.java:680)
	at org.jkiss.dbeaver.launcher.DBeaverLauncher.run(DBeaverLauncher.java:1776)
2026-01-23 16:47:34.122 - Execution context opened (localhost; SQLEditor <Script-5.sql>; 13)
2026-01-23 16:47:35.817 - Delete empty SQL script '\General\Scripts\Script-5.sql'
2026-01-23 16:47:35.826 - Execution context closed (localhost, 13)
2026-01-23 16:47:49.739 - Execution context closed (localhost, 11)
2026-01-23 16:47:51.718 - Execution context opened (localhost; SQLEditor <Script-5.sql>; 14)
2026-01-23 16:49:01.613 - Token location is outside of the document boundaries during query parsing
2026-01-23 16:52:06.554 - Text parser rule inconsistency: rule failed and the scanned should have been fallbacked, but the current offset is different after attempt to evaluate org.jkiss.dbeaver.model.sql.parser.rules.SQLFullLineRule@777de507
2026-01-23 16:52:06.554 - Text parser rule inconsistency: rule failed and the scanned should have been fallbacked, but the current offset is different after attempt to evaluate org.jkiss.dbeaver.model.text.parser.rules.MultiLineRule@c32adf7
2026-01-23 16:52:06.554 - Text parser rule inconsistency: rule failed and the scanned should have been fallbacked, but the current offset is different after attempt to evaluate org.jkiss.dbeaver.model.sql.parser.rules.SQLDelimiterSetRule@716b8fdf
2026-01-23 16:52:06.554 - Text parser rule inconsistency: rule failed and the scanned should have been fallbacked, but the current offset is different after attempt to evaluate org.jkiss.dbeaver.model.sql.parser.rules.SQLDelimiterSetRule@716b8fdf
2026-01-23 16:52:06.554 - Text parser rule inconsistency: rule failed and the scanned should have been fallbacked, but the current offset is different after attempt to evaluate org.jkiss.dbeaver.model.sql.parser.rules.SQLMultilineCommandRule@7db968c7
2026-01-23 16:52:06.554 - Text parser rule inconsistency: rule failed and the scanned should have been fallbacked, but the current offset is different after attempt to evaluate org.jkiss.dbeaver.model.text.parser.rules.MultiLineRule@45ed0ddb
2026-01-23 16:52:06.554 - Text parser rule inconsistency: rule failed and the scanned should have been fallbacked, but the current offset is different after attempt to evaluate org.jkiss.dbeaver.model.text.parser.rules.NumberRule@7cef4cf7
2026-01-23 16:52:06.554 - Text parser rule inconsistency: rule failed and the scanned should have been fallbacked, but the current offset is different after attempt to evaluate org.jkiss.dbeaver.model.sql.parser.rules.SQLDelimiterSetRule@716b8fdf
2026-01-23 16:52:06.554 - Text parser rule inconsistency: rule failed and the scanned should have been fallbacked, but the current offset is different after attempt to evaluate org.jkiss.dbeaver.model.sql.parser.rules.SQLFullLineRule@777de507
2026-01-23 16:52:06.554 - Text parser rule inconsistency: rule failed and the scanned should have been fallbacked, but the current offset is different after attempt to evaluate org.jkiss.dbeaver.model.sql.parser.rules.SQLCommandRule@7a971b1d
2026-01-23 16:52:06.555 - Text parser rule inconsistency: rule failed and the scanned should have been fallbacked, but the current offset is different after attempt to evaluate org.jkiss.dbeaver.model.sql.parser.rules.SQLCommandRule@7b3966a8
2026-01-23 16:52:06.555 - Text parser rule inconsistency: rule failed and the scanned should have been fallbacked, but the current offset is different after attempt to evaluate org.jkiss.dbeaver.model.sql.parser.rules.SQLDelimiterSetRule@716b8fdf
2026-01-23 16:52:06.555 - Text parser rule inconsistency: rule failed and the scanned should have been fallbacked, but the current offset is different after attempt to evaluate org.jkiss.dbeaver.model.sql.parser.rules.SQLFullLineRule@777de507
2026-01-23 16:52:06.555 - Text parser rule inconsistency: rule failed and the scanned should have been fallbacked, but the current offset is different after attempt to evaluate org.jkiss.dbeaver.model.text.parser.rules.MultiLineRule@625a8c95
2026-01-23 16:52:06.555 - Text parser rule inconsistency: rule failed and the scanned should have been fallbacked, but the current offset is different after attempt to evaluate org.jkiss.dbeaver.model.sql.parser.rules.SQLCommandRule@62fd312d
2026-01-23 16:52:06.555 - Text parser rule inconsistency: rule failed and the scanned should have been fallbacked, but the current offset is different after attempt to evaluate org.jkiss.dbeaver.model.sql.parser.rules.SQLCommandRule@4fc55fda
2026-01-23 17:09:20.683 - Execution context opened (localhost; SQLEditor <Script-5.sql>; 15)
2026-01-23 17:16:25.667 - Token location is outside of the document boundaries during query parsing
2026-01-23 17:42:22.310 - Execution context closed (localhost, 10)
2026-01-23 17:42:22.323 - Execution context closed (localhost, 9)
2026-01-23 17:42:22.362 - Execution context closed (localhost, 8)
2026-01-23 17:42:22.393 - Execution context closed (localhost, 7)
2026-01-23 17:42:22.440 - Execution context closed (localhost, 12)
2026-01-23 17:42:22.518 - Execution context closed (localhost, 14)
2026-01-23 17:42:22.551 - Execution context closed (localhost, 15)
2026-01-23 17:42:22.644 - Dispose navigator model
2026-01-23 17:42:22.660 - DBeaver is stopping
2026-01-23 17:42:22.662 - Stop instance server
2026-01-23 17:42:23.665 - Instance server has been stopped
2026-01-23 17:42:23.665 - DBeaver shutdown completed
